<?xml version="1.0" encoding="UTF-8"?>
<testsuite name="ru.stqa.pft.addressbook.GroupDeletionTests" tests="1" skipped="0" failures="0" errors="0" timestamp="2020-10-04T06:48:05" hostname="PO-ПК" time="93.164">
  <properties/>
  <testcase name="testGroupDeletion" classname="ru.stqa.pft.addressbook.GroupDeletionTests" time="93.164"/>
  <system-out><![CDATA[]]></system-out>
  <system-err><![CDATA[SLF4J: Failed to load class "org.slf4j.impl.StaticLoggerBinder".
SLF4J: Defaulting to no-operation (NOP) logger implementation
SLF4J: See http://www.slf4j.org/codes.html#StaticLoggerBinder for further details.
1601794092439	geckodriver	INFO	Listening on 127.0.0.1:45533
1601794095749	mozrunner::runner	INFO	Running command: "C:\\Program Files\\Mozilla Firefox\\firefox.exe" "--marionette" "-foreground" "-no-remote" "-profile" "C:\\Users\\Po\\AppData\\Local\\Temp\\rust_mozprofilezIjwl5"
JavaScript error: resource://gre/modules/XULStore.jsm, line 66: Error: Can't find profile directory.
console.error: SearchCache: "_readCacheFile: Error reading cache file:" (new Error("", "(unknown module)"))
1601794153476	Marionette	INFO	Listening on port 55943
1601794153833	Marionette	WARN	TLS certificate errors will be ignored for this session
окт. 04, 2020 1:49:15 PM org.openqa.selenium.remote.ProtocolHandshake createSession
INFO: Detected dialect: W3C
1601794167101	Marionette	INFO	Stopped listening on port 55943

###!!! [Child][RunMessage] Error: Channel closing: too late to send/recv, messages will be lost


###!!! [Child][MessageChannel::SendAndWait] Error: Channel error: cannot send/recv

JavaScript error: resource://gre/modules/osfile/osfile_async_front.jsm, line 426: Error: OS.File has been shut down. Rejecting post to stat
]]></system-err>
</testsuite>
