<?xml version="1.0" encoding="UTF-8"?>
<testsuite name="ru.stqa.pft.addressbook.GroupCreationTests2" tests="1" skipped="0" failures="0" errors="0" timestamp="2020-10-03T15:52:39" hostname="PO-ПК" time="58.481">
  <properties/>
  <testcase name="testAddGroup" classname="ru.stqa.pft.addressbook.GroupCreationTests2" time="58.481"/>
  <system-out><![CDATA[]]></system-out>
  <system-err><![CDATA[SLF4J: Failed to load class "org.slf4j.impl.StaticLoggerBinder".
SLF4J: Defaulting to no-operation (NOP) logger implementation
SLF4J: See http://www.slf4j.org/codes.html#StaticLoggerBinder for further details.
1601740362323	geckodriver	INFO	Listening on 127.0.0.1:26045
1601740363754	mozrunner::runner	INFO	Running command: "C:\\Program Files\\Mozilla Firefox\\firefox.exe" "--marionette" "-foreground" "-no-remote" "-profile" "C:\\Users\\Po\\AppData\\Local\\Temp\\rust_mozprofile44f5UF"
JavaScript error: resource://gre/modules/XULStore.jsm, line 66: Error: Can't find profile directory.
console.error: SearchCache: "_readCacheFile: Error reading cache file:" (new Error("", "(unknown module)"))
[Parent 4908, Gecko_IOThread] WARNING: file /builds/worker/checkouts/gecko/ipc/chromium/src/base/process_util_win.cc, line 166
1601740400078	Marionette	INFO	Listening on port 50710
1601740400578	Marionette	WARN	TLS certificate errors will be ignored for this session
окт. 03, 2020 10:53:21 PM org.openqa.selenium.remote.ProtocolHandshake createSession
INFO: Detected dialect: W3C
1601740413334	Marionette	INFO	Stopped listening on port 50710

###!!! [Child][RunMessage] Error: Channel closing: too late to send/recv, messages will be lost

]]></system-err>
</testsuite>
